<?xml version="1.0" encoding="UTF-8"?>
<!-- Generated by org.testng.reporters.JUnitReportReporter -->
<testsuite hostname="DESKTOP-EE30R9I" failures="0" tests="1" name="pageobject.hamepage$Home" time="11.739" errors="0" timestamp="2023-03-01T14:24:10 EST" skipped="0">
  <testcase classname="pageobject.hamepage$Home" name="home" time="11.739"/>
  <system-out/>
</testsuite> <!-- pageobject.hamepage$Home -->
