<?xml version="1.0" encoding="UTF-8"?>
<!-- Generated by org.testng.reporters.JUnitReportReporter -->
<testsuite hostname="LAPTOP-KG9CTMSI" failures="0" tests="10" name="testcases.Testcase" time="150.531" errors="0" timestamp="2023-04-03T18:10:29 EDT" skipped="0">
  <testcase classname="testcases.Testcase" name="setup" time="1.553"/>
  <system-out/>
  <testcase classname="testcases.Testcase" name="home" time="4.015"/>
  <system-out/>
  <testcase classname="testcases.Testcase" name="signin" time="0.679"/>
  <system-out/>
  <testcase classname="testcases.Testcase" name="Datastructure" time="10.554"/>
  <system-out/>
  <testcase classname="testcases.Testcase" name="Array" time="24.988"/>
  <system-out/>
  <testcase classname="testcases.Testcase" name="Linkedlist" time="39.086"/>
  <system-out/>
  <testcase classname="testcases.Testcase" name="Stack" time="10.041"/>
  <system-out/>
  <testcase classname="testcases.Testcase" name="Queue" time="33.364"/>
  <system-out>
    <![CDATA[Queue is selected]]>
  </system-out>
  <testcase classname="testcases.Testcase" name="Treepage" time="21.704"/>
  <system-out/>
  <testcase classname="testcases.Testcase" name="Graphpage" time="4.547"/>
  <system-out/>
</testsuite> <!-- testcases.Testcase -->
